<?xml version="1.0" encoding="UTF-8"?>
<!-- Generated by org.testng.reporters.JUnitXMLReporter -->
<testsuite ignored="0" hostname="DESKTOP-5OA9UT6" failures="0" tests="3" name="Default test" time="10.442" errors="0" timestamp="2024-04-08T06:54:59 IST">
  <testcase classname="com.testcase.LoginTest" name="loginTest" time="2.853"/>
  <testcase classname="com.testcase.LoginTest" name="loginTest" time="0.898"/>
  <testcase classname="com.testcase.LoginTest" name="loginTest" time="0.743"/>
</testsuite> <!-- Default test -->
