<?xml version="1.0" encoding="UTF-8"?>
<!-- Generated by org.testng.reporters.JUnitXMLReporter -->
<testsuite ignored="0" hostname="DESKTOP-5OA9UT6" failures="0" tests="3" name="MyTestCase" time="16.483" errors="0" timestamp="2024-04-09T11:19:19 IST">
  <testcase classname="com.testcase.LoginTest" name="loginTest" time="4.247"/>
  <testcase classname="com.testcase.LoginTest" name="loginTest" time="1.151"/>
  <testcase classname="com.testcase.LoginTest" name="loginTest" time="0.981"/>
</testsuite> <!-- MyTestCase -->
