<?xml version="1.0" encoding="UTF-8"?>
<testsuite xmlns:xsi="http://www.w3.org/2001/XMLSchema-instance" xsi:noNamespaceSchemaLocation="https://maven.apache.org/surefire/maven-surefire-plugin/xsd/surefire-test-report-3.0.xsd" version="3.0" name="TestSuite" time="18.255" tests="3" errors="0" skipped="0" failures="0">
  <properties>
[...]
</properties>
  <testcase name="loginTest[loginuser@riota, 12345678](1)" classname="com.testcase.LoginTest" time="4.253">
    <system-err><![CDATA[SLF4J: No SLF4J providers were found.
SLF4J: Defaulting to no-operation (NOP) logger implementation
SLF4J: See https://www.slf4j.org/codes.html#noProviders for further details.
Starting ChromeDriver 123.0.6312.105 (399174dbe6eff0f59de9a6096129c0c827002b3a-refs/branch-heads/6312@{#761}) on port 3883
Only local connections are allowed.
Please see https://chromedriver.chromium.org/security-considerations for suggestions on keeping ChromeDriver safe.
ChromeDriver was started successfully.
[1712641749.018][WARNING]: Deprecated chrome option is ignored: useAutomationExtension
[1712641749.019][WARNING]: Deprecated chrome option is ignored: useAutomationExtension
Apr 09, 2024 11:19:11 AM org.openqa.selenium.remote.ProtocolHandshake createSession
INFO: Detected dialect: W3C
]]></system-err>
  </testcase>
  <testcase name="loginTest[loginuser@riota.in, 123456](2)" classname="com.testcase.LoginTest" time="1.146"/>
  <testcase name="loginTest[loginuser@riota.in, 12345678](3)" classname="com.testcase.LoginTest" time="0.983"/>
</testsuite>