<?xml version="1.0" encoding="UTF-8"?>
<testng-results ignored="0" total="3" passed="3" failed="0" skipped="0">
  <reporter-output>
  </reporter-output>
  <suite started-at="2024-04-09T11:19:02 IST" name="MyTestSuite" finished-at="2024-04-09T11:19:19 IST" duration-ms="16483">
    <groups>
    </groups>
    <test started-at="2024-04-09T11:19:02 IST" name="MyTestCase" finished-at="2024-04-09T11:19:19 IST" duration-ms="16483">
      <class name="com.testcase.LoginTest">
        <test-method is-config="true" signature="setUp()[pri:0, instance:com.testcase.LoginTest@3f6f6701]" started-at="2024-04-09T11:19:03 IST" name="setUp" finished-at="2024-04-09T11:19:12 IST" duration-ms="9739" status="PASS">
          <reporter-output>
          </reporter-output>
        </test-method> <!-- setUp -->
        <test-method signature="loginTest(java.lang.String,java.lang.String)[pri:0, instance:com.testcase.LoginTest@3f6f6701]" started-at="2024-04-09T11:19:12 IST" name="loginTest" data-provider="loginData" finished-at="2024-04-09T11:19:17 IST" duration-ms="4247" status="PASS">
          <params>
            <param index="0">
              <value>
                <![CDATA[loginuser@riota]]>
              </value>
            </param>
            <param index="1">
              <value>
                <![CDATA[12345678]]>
              </value>
            </param>
          </params>
          <reporter-output>
          </reporter-output>
        </test-method> <!-- loginTest -->
        <test-method signature="loginTest(java.lang.String,java.lang.String)[pri:0, instance:com.testcase.LoginTest@3f6f6701]" started-at="2024-04-09T11:19:17 IST" name="loginTest" data-provider="loginData" finished-at="2024-04-09T11:19:18 IST" duration-ms="1151" status="PASS">
          <params>
            <param index="0">
              <value>
                <![CDATA[loginuser@riota.in]]>
              </value>
            </param>
            <param index="1">
              <value>
                <![CDATA[123456]]>
              </value>
            </param>
          </params>
          <reporter-output>
          </reporter-output>
        </test-method> <!-- loginTest -->
        <test-method signature="loginTest(java.lang.String,java.lang.String)[pri:0, instance:com.testcase.LoginTest@3f6f6701]" started-at="2024-04-09T11:19:18 IST" name="loginTest" data-provider="loginData" finished-at="2024-04-09T11:19:19 IST" duration-ms="981" status="PASS">
          <params>
            <param index="0">
              <value>
                <![CDATA[loginuser@riota.in]]>
              </value>
            </param>
            <param index="1">
              <value>
                <![CDATA[12345678]]>
              </value>
            </param>
          </params>
          <reporter-output>
          </reporter-output>
        </test-method> <!-- loginTest -->
      </class> <!-- com.testcase.LoginTest -->
    </test> <!-- MyTestCase -->
  </suite> <!-- MyTestSuite -->
</testng-results>
