<?xml version="1.0" encoding="UTF-8"?>
<testng-results ignored="0" total="3" passed="3" failed="0" skipped="0">
  <reporter-output>
  </reporter-output>
  <suite started-at="2024-04-08T06:54:49 IST" name="Default suite" finished-at="2024-04-08T06:54:59 IST" duration-ms="10442">
    <groups>
    </groups>
    <test started-at="2024-04-08T06:54:49 IST" name="Default test" finished-at="2024-04-08T06:54:59 IST" duration-ms="10442">
      <class name="com.testcase.LoginTest">
        <test-method is-config="true" signature="setUp()[pri:0, instance:com.testcase.LoginTest@6892b3b6]" started-at="2024-04-08T06:54:49 IST" name="setUp" finished-at="2024-04-08T06:54:54 IST" duration-ms="5841" status="PASS">
          <reporter-output>
          </reporter-output>
        </test-method> <!-- setUp -->
        <test-method signature="loginTest(java.lang.String,java.lang.String)[pri:0, instance:com.testcase.LoginTest@6892b3b6]" started-at="2024-04-08T06:54:54 IST" name="loginTest" data-provider="loginData" finished-at="2024-04-08T06:54:57 IST" duration-ms="2853" status="PASS">
          <params>
            <param index="0">
              <value>
                <![CDATA[loginuser@riota]]>
              </value>
            </param>
            <param index="1">
              <value>
                <![CDATA[12345678]]>
              </value>
            </param>
          </params>
          <reporter-output>
          </reporter-output>
        </test-method> <!-- loginTest -->
        <test-method signature="loginTest(java.lang.String,java.lang.String)[pri:0, instance:com.testcase.LoginTest@6892b3b6]" started-at="2024-04-08T06:54:57 IST" name="loginTest" data-provider="loginData" finished-at="2024-04-08T06:54:58 IST" duration-ms="898" status="PASS">
          <params>
            <param index="0">
              <value>
                <![CDATA[loginuser@riota.in]]>
              </value>
            </param>
            <param index="1">
              <value>
                <![CDATA[123456]]>
              </value>
            </param>
          </params>
          <reporter-output>
          </reporter-output>
        </test-method> <!-- loginTest -->
        <test-method signature="loginTest(java.lang.String,java.lang.String)[pri:0, instance:com.testcase.LoginTest@6892b3b6]" started-at="2024-04-08T06:54:58 IST" name="loginTest" data-provider="loginData" finished-at="2024-04-08T06:54:59 IST" duration-ms="743" status="PASS">
          <params>
            <param index="0">
              <value>
                <![CDATA[loginuser@riota.in]]>
              </value>
            </param>
            <param index="1">
              <value>
                <![CDATA[12345678]]>
              </value>
            </param>
          </params>
          <reporter-output>
          </reporter-output>
        </test-method> <!-- loginTest -->
      </class> <!-- com.testcase.LoginTest -->
    </test> <!-- Default test -->
  </suite> <!-- Default suite -->
</testng-results>
